<?xml version="1.0" encoding="UTF-8"?>
<testsuite xmlns:xsi="http://www.w3.org/2001/XMLSchema-instance" xsi:noNamespaceSchemaLocation="https://maven.apache.org/surefire/maven-surefire-plugin/xsd/surefire-test-report.xsd" name="com.runner.TestRunner" time="140" tests="4" errors="0" skipped="0" failures="0">
  <properties>
[...]
</properties>
  <testcase name="To validate that all the items are displaying in that web page" classname="Validate the Male section in GRT application" time="94.453"/>
  <testcase name="To validate the insurance types" classname="Validate the PolicyBazaar application." time="15.59"/>
  <testcase name="To validate the insurance types" classname="Validate the PolicyBazaar application." time="15.362"/>
  <testcase name="To validate the insurance types" classname="Validate the PolicyBazaar application." time="13.873"/>
</testsuite>